<?xml version="1.0" encoding="UTF-8"?>
<!-- Generated by org.testng.reporters.JUnitXMLReporter -->
<testsuite ignored="2" hostname="DESKTOP-CM623GF" failures="1" tests="22" name="Test" time="782.864" errors="0" timestamp="2025-05-30T18:55:22 IST">
  <testcase classname="daato_automation_test.AddSupplierTest" name="add_supplier" time="40.625"/>
  <testcase classname="daato_automation_test.AbstractRiskCalculationTest" name="to_verify_abstrac_risk" time="56.102"/>
  <testcase classname="daato_automation_test.SelfAssessmentSAQTest" name="sendSAQ" time="47.635"/>
  <testcase classname="daato_automation_test.SelfAssessmentTest" name="General_information" time="64.643"/>
  <testcase classname="daato_automation_test.SendCOCTest" name="send_coc" time="43.181"/>
  <testcase classname="daato_automation_test.SubmitSAandCOC" name="fillsaq" time="73.309"/>
  <testcase classname="daato_automation_test.Acceptsaqandcoc" name="getadmintoken" time="17.302"/>
  <testcase classname="daato_automation_test.Acceptsaqandcoc" name="acceptsaqandcoc" time="23.635"/>
  <testcase classname="daato_automation_test.RiskPrioritySelfAssessmentTest" name="check_risk_priority_Self_assessment" time="30.407">
    <failure type="org.openqa.selenium.StaleElementReferenceException" message="stale element reference: stale element not found in the current frame
  (Session info: chrome=136.0.7103.114)
For documentation on this error, please visit: https://selenium.dev/exceptions/#stale_element_reference
Build info: version: &amp;apos;4.6.0&amp;apos;, revision: &amp;apos;79f1c02ae20&amp;apos;
System info: os.name: &amp;apos;Windows 11&amp;apos;, os.arch: &amp;apos;amd64&amp;apos;, os.version: &amp;apos;10.0&amp;apos;, java.version: &amp;apos;23.0.2&amp;apos;
Driver info: org.openqa.selenium.chrome.ChromeDriver
Command: [ecf953dfa7fe9b54abbde072bf9abdaa, clickElement {id=f.A77586434603846CD4BD4FE80BFB89A1.d.58C2DCC1D22694429C466E0165ABE83F.e.61}]
Capabilities {acceptInsecureCerts: false, browserName: chrome, browserVersion: 136.0.7103.114, chrome: {chromedriverVersion: 136.0.7103.113 (76fa3c17824..., userDataDir: C:\Users\47BILL~1\AppData\L...}, fedcm:accounts: true, goog:chromeOptions: {debuggerAddress: localhost:57348}, networkConnectionEnabled: false, pageLoadStrategy: normal, platformName: WINDOWS, proxy: Proxy(), se:cdp: ws://localhost:57348/devtoo..., se:cdpVersion: 136.0.7103.114, setWindowRect: true, strictFileInteractability: false, timeouts: {implicit: 0, pageLoad: 300000, script: 30000}, unhandledPromptBehavior: dismiss and notify, webauthn:extension:credBlob: true, webauthn:extension:largeBlob: true, webauthn:extension:minPinLength: true, webauthn:extension:prf: true, webauthn:virtualAuthenticators: true}
Element: [[ChromeDriver: chrome on WINDOWS (ecf953dfa7fe9b54abbde072bf9abdaa)] -&amp;gt; xpath: (//p[contains(text(),&amp;apos;Self-assessment&amp;apos;)])[1]]
Session ID: ecf953dfa7fe9b54abbde072bf9abdaa">
      <![CDATA[org.openqa.selenium.StaleElementReferenceException: stale element reference: stale element not found in the current frame
  (Session info: chrome=136.0.7103.114)
For documentation on this error, please visit: https://selenium.dev/exceptions/#stale_element_reference
Build info: version: '4.6.0', revision: '79f1c02ae20'
System info: os.name: 'Windows 11', os.arch: 'amd64', os.version: '10.0', java.version: '23.0.2'
Driver info: org.openqa.selenium.chrome.ChromeDriver
Command: [ecf953dfa7fe9b54abbde072bf9abdaa, clickElement {id=f.A77586434603846CD4BD4FE80BFB89A1.d.58C2DCC1D22694429C466E0165ABE83F.e.61}]
Capabilities {acceptInsecureCerts: false, browserName: chrome, browserVersion: 136.0.7103.114, chrome: {chromedriverVersion: 136.0.7103.113 (76fa3c17824..., userDataDir: C:\Users\47BILL~1\AppData\L...}, fedcm:accounts: true, goog:chromeOptions: {debuggerAddress: localhost:57348}, networkConnectionEnabled: false, pageLoadStrategy: normal, platformName: WINDOWS, proxy: Proxy(), se:cdp: ws://localhost:57348/devtoo..., se:cdpVersion: 136.0.7103.114, setWindowRect: true, strictFileInteractability: false, timeouts: {implicit: 0, pageLoad: 300000, script: 30000}, unhandledPromptBehavior: dismiss and notify, webauthn:extension:credBlob: true, webauthn:extension:largeBlob: true, webauthn:extension:minPinLength: true, webauthn:extension:prf: true, webauthn:virtualAuthenticators: true}
Element: [[ChromeDriver: chrome on WINDOWS (ecf953dfa7fe9b54abbde072bf9abdaa)] -> xpath: (//p[contains(text(),'Self-assessment')])[1]]
Session ID: ecf953dfa7fe9b54abbde072bf9abdaa
at org.openqa.selenium.remote.codec.w3c.W3CHttpResponseCodec.createException(W3CHttpResponseCodec.java:200)
at org.openqa.selenium.remote.codec.w3c.W3CHttpResponseCodec.decode(W3CHttpResponseCodec.java:133)
at org.openqa.selenium.remote.codec.w3c.W3CHttpResponseCodec.decode(W3CHttpResponseCodec.java:53)
at org.openqa.selenium.remote.HttpCommandExecutor.execute(HttpCommandExecutor.java:184)
at org.openqa.selenium.remote.service.DriverCommandExecutor.invokeExecute(DriverCommandExecutor.java:167)
at org.openqa.selenium.remote.service.DriverCommandExecutor.execute(DriverCommandExecutor.java:142)
at org.openqa.selenium.remote.RemoteWebDriver.execute(RemoteWebDriver.java:541)
at org.openqa.selenium.remote.RemoteWebElement.execute(RemoteWebElement.java:257)
at org.openqa.selenium.remote.RemoteWebElement.click(RemoteWebElement.java:78)
at org.openqa.selenium.support.pagefactory.internal.LocatingElementHandler.invoke(LocatingElementHandler.java:52)
at jdk.proxy2/jdk.proxy2.$Proxy18.click(Unknown Source)
at daato_automation_page.RiskPrioritySelfAssessmentPage.selfAssessment(RiskPrioritySelfAssessmentPage.java:59)
at daato_automation_test.RiskPrioritySelfAssessmentTest.check_risk_priority_Self_assessment(RiskPrioritySelfAssessmentTest.java:62)
at java.base/java.util.ArrayList.forEach(ArrayList.java:1597)
... Removed 30 stack frames]]>
    </failure>
  </testcase> <!-- check_risk_priority_Self_assessment -->
  <testcase classname="daato_automation_test.Bulkassignentity" name="bulkassignentity" time="17.957"/>
  <testcase classname="daato_automation_test.Bulkassignentity" name="bulkassignrelationshipmanager" time="18.115"/>
  <testcase classname="daato_automation_test.Markassafe" name="getadmintoken" time="18.485"/>
  <testcase classname="daato_automation_test.Downloadrepositoryfile" name="downloadrepository" time="18.902"/>
  <testcase classname="daato_automation_test.Checkrepositorydata" name="GetexpectedResult" time="19.849"/>
  <testcase classname="daato_automation_test.Checkrepositorydata" name="checkacutaldata" time="0.333"/>
  <testcase classname="daato_automation_test.Uploadsupplierrepository" name="editanduploadrepo" time="40.213"/>
  <testcase classname="daato_automation_test.Uploadsupplierrepository" name="checkcontactnameaftereditrepo" time="21.114"/>
  <testcase classname="daato_automation_test.Addincident" name="Getsupplierid" time="17.37"/>
  <testcase classname="daato_automation_test.Addincident" name="addincident" time="17.985"/>
  <testcase classname="daato_automation_test.Addincident" name="checkriskafteraddingincident" time="1.635"/>
  <testcase classname="daato_automation_test.Checkresendnotification" name="checkresendnotification" time="25.779"/>
  <testcase classname="daato_automation_test.BulksupplierImport" name="uploadbulksuppliers" time="16.037"/>
  <testcase classname="daato_automation_test.SelfAssessmentSAQTest" name="self_assessment_before_saq" time="0.0">
    <ignored/>
  </testcase> <!-- self_assessment_before_saq -->
  <testcase classname="daato_automation_test.SelfAssessmentTest" name="add_governance_and" time="0.0">
    <ignored/>
  </testcase> <!-- add_governance_and -->
</testsuite> <!-- Test -->
