<?xml version="1.0" encoding="UTF-8"?>
<testng-results ignored="2" total="27" passed="22" failed="3" skipped="0">
  <reporter-output>
  </reporter-output>
  <suite started-at="2025-05-19T16:15:11 IST" name="Suite" finished-at="2025-05-19T16:23:16 IST" duration-ms="485368">
    <groups>
    </groups>
    <test started-at="2025-05-19T16:15:11 IST" name="Test" finished-at="2025-05-19T16:23:16 IST" duration-ms="485368">
      <class name="DoubleMateriality.Acceptandfinshsurveryrequest">
        <test-method is-config="true" signature="getadmintoken()[pri:0, instance:DoubleMateriality.Acceptandfinshsurveryrequest@4da4253]" started-at="2025-05-19T16:16:19 IST" name="getadmintoken" finished-at="2025-05-19T16:16:19 IST" duration-ms="4" status="PASS">
          <reporter-output>
          </reporter-output>
        </test-method> <!-- getadmintoken -->
        <test-method signature="acceptsurveyrequest()[pri:1, instance:DoubleMateriality.Acceptandfinshsurveryrequest@4da4253]" started-at="2025-05-19T16:16:19 IST" name="acceptsurveyrequest" finished-at="2025-05-19T16:16:20 IST" duration-ms="795" status="PASS">
          <reporter-output>
          </reporter-output>
        </test-method> <!-- acceptsurveyrequest -->
        <test-method signature="fishsurvert()[pri:2, instance:DoubleMateriality.Acceptandfinshsurveryrequest@4da4253]" started-at="2025-05-19T16:16:20 IST" name="fishsurvert" finished-at="2025-05-19T16:16:20 IST" duration-ms="409" status="PASS">
          <reporter-output>
          </reporter-output>
        </test-method> <!-- fishsurvert -->
      </class> <!-- DoubleMateriality.Acceptandfinshsurveryrequest -->
      <class name="DoubleMateriality.DownloadDMxlsx">
        <test-method is-config="true" signature="getadmintoken()[pri:0, instance:DoubleMateriality.DownloadDMxlsx@3738449f]" started-at="2025-05-19T16:23:14 IST" name="getadmintoken" finished-at="2025-05-19T16:23:14 IST" duration-ms="1" status="PASS">
          <reporter-output>
          </reporter-output>
        </test-method> <!-- getadmintoken -->
        <test-method signature="downloadrepository()[pri:1, instance:DoubleMateriality.DownloadDMxlsx@3738449f]" started-at="2025-05-19T16:23:14 IST" name="downloadrepository" finished-at="2025-05-19T16:23:16 IST" duration-ms="1982" status="PASS">
          <reporter-output>
          </reporter-output>
        </test-method> <!-- downloadrepository -->
        <test-method signature="checklatestfiledata()[pri:2, instance:DoubleMateriality.DownloadDMxlsx@3738449f]" started-at="2025-05-19T16:23:16 IST" name="checklatestfiledata" finished-at="2025-05-19T16:23:16 IST" duration-ms="609" status="FAIL">
          <exception class="java.lang.AssertionError">
            <message>
              <![CDATA[lists don't have the same size expected [7] but found [6]]]>
            </message>
            <full-stacktrace>
              <![CDATA[java.lang.AssertionError: lists don't have the same size expected [7] but found [6]
at org.testng.Assert.fail(Assert.java:111)
at org.testng.Assert.failNotEquals(Assert.java:1590)
at org.testng.Assert.assertEqualsImpl(Assert.java:150)
at org.testng.Assert.assertEquals(Assert.java:132)
at org.testng.Assert.assertEquals(Assert.java:1431)
at org.testng.Assert.assertEquals(Assert.java:1395)
at org.testng.Assert.assertEquals(Assert.java:1642)
at org.testng.Assert.assertEquals(Assert.java:1618)
at DoubleMateriality.DownloadDMxlsx.checklatestfiledata(DownloadDMxlsx.java:144)
at java.base/jdk.internal.reflect.DirectMethodHandleAccessor.invoke(DirectMethodHandleAccessor.java:103)
at java.base/java.lang.reflect.Method.invoke(Method.java:580)
at org.testng.internal.invokers.MethodInvocationHelper.invokeMethod(MethodInvocationHelper.java:141)
at org.testng.internal.invokers.TestInvoker.invokeMethod(TestInvoker.java:687)
at org.testng.internal.invokers.TestInvoker.invokeTestMethod(TestInvoker.java:230)
at org.testng.internal.invokers.MethodRunner.runInSequence(MethodRunner.java:63)
at org.testng.internal.invokers.TestInvoker$MethodInvocationAgent.invoke(TestInvoker.java:995)
at org.testng.internal.invokers.TestInvoker.invokeTestMethods(TestInvoker.java:203)
at org.testng.internal.invokers.TestMethodWorker.invokeTestMethods(TestMethodWorker.java:154)
at org.testng.internal.invokers.TestMethodWorker.run(TestMethodWorker.java:134)
at java.base/java.util.ArrayList.forEach(ArrayList.java:1597)
at org.testng.TestRunner.privateRun(TestRunner.java:741)
at org.testng.TestRunner.run(TestRunner.java:616)
at org.testng.SuiteRunner.runTest(SuiteRunner.java:421)
at org.testng.SuiteRunner.runSequentially(SuiteRunner.java:413)
at org.testng.SuiteRunner.privateRun(SuiteRunner.java:373)
at org.testng.SuiteRunner.run(SuiteRunner.java:312)
at org.testng.SuiteRunnerWorker.runSuite(SuiteRunnerWorker.java:52)
at org.testng.SuiteRunnerWorker.run(SuiteRunnerWorker.java:95)
at org.testng.TestNG.runSuitesSequentially(TestNG.java:1274)
at org.testng.TestNG.runSuitesLocally(TestNG.java:1208)
at org.testng.TestNG.runSuites(TestNG.java:1112)
at org.testng.TestNG.run(TestNG.java:1079)
at org.testng.remote.AbstractRemoteTestNG.run(AbstractRemoteTestNG.java:115)
at org.testng.remote.RemoteTestNG.initAndRun(RemoteTestNG.java:293)
at org.testng.remote.RemoteTestNG.main(RemoteTestNG.java:91)
]]>
            </full-stacktrace>
          </exception> <!-- java.lang.AssertionError -->
          <reporter-output>
          </reporter-output>
        </test-method> <!-- checklatestfiledata -->
      </class> <!-- DoubleMateriality.DownloadDMxlsx -->
      <class name="DoubleMateriality.ManualIROassessment">
        <test-method is-config="true" signature="setupRuntimeFile()[pri:0, instance:DoubleMateriality.ManualIROassessment@2e55dd0c]" started-at="2025-05-19T16:18:58 IST" name="setupRuntimeFile" finished-at="2025-05-19T16:18:58 IST" duration-ms="0" status="PASS">
          <reporter-output>
          </reporter-output>
        </test-method> <!-- setupRuntimeFile -->
        <test-method is-config="true" signature="getadmintoken()[pri:0, instance:DoubleMateriality.ManualIROassessment@2e55dd0c]" started-at="2025-05-19T16:18:58 IST" name="getadmintoken" finished-at="2025-05-19T16:18:58 IST" duration-ms="0" status="PASS">
          <reporter-output>
          </reporter-output>
        </test-method> <!-- getadmintoken -->
        <test-method is-config="true" signature="chrome_setup()[pri:0, instance:DoubleMateriality.ManualIROassessment@2e55dd0c]" started-at="2025-05-19T16:18:58 IST" name="chrome_setup" finished-at="2025-05-19T16:19:03 IST" duration-ms="4496" status="PASS">
          <reporter-output>
          </reporter-output>
        </test-method> <!-- chrome_setup -->
        <test-method signature="sendcollaborationrequest()[pri:3, instance:DoubleMateriality.ManualIROassessment@2e55dd0c]" started-at="2025-05-19T16:19:03 IST" name="sendcollaborationrequest" finished-at="2025-05-19T16:19:03 IST" duration-ms="767" status="PASS">
          <reporter-output>
          </reporter-output>
        </test-method> <!-- sendcollaborationrequest -->
        <test-method is-config="true" signature="tearDown()[pri:0, instance:DoubleMateriality.ManualIROassessment@2e55dd0c]" started-at="2025-05-19T16:19:03 IST" name="tearDown" finished-at="2025-05-19T16:19:04 IST" duration-ms="185" status="PASS">
          <reporter-output>
          </reporter-output>
        </test-method> <!-- tearDown -->
      </class> <!-- DoubleMateriality.ManualIROassessment -->
      <class name="DoubleMateriality.Checkmanualscore">
        <test-method is-config="true" signature="setupRuntimeFile()[pri:0, instance:DoubleMateriality.Checkmanualscore@e7edb54]" started-at="2025-05-19T16:19:33 IST" name="setupRuntimeFile" finished-at="2025-05-19T16:19:33 IST" duration-ms="1" status="PASS">
          <reporter-output>
          </reporter-output>
        </test-method> <!-- setupRuntimeFile -->
        <test-method is-config="true" signature="chrome_setup()[pri:0, instance:DoubleMateriality.Checkmanualscore@e7edb54]" started-at="2025-05-19T16:19:33 IST" name="chrome_setup" finished-at="2025-05-19T16:19:38 IST" duration-ms="4489" status="PASS">
          <reporter-output>
          </reporter-output>
        </test-method> <!-- chrome_setup -->
        <test-method signature="checkmaualscore()[pri:0, instance:DoubleMateriality.Checkmanualscore@e7edb54]" started-at="2025-05-19T16:19:38 IST" name="checkmaualscore" finished-at="2025-05-19T16:21:00 IST" duration-ms="82304" status="FAIL">
          <exception class="org.openqa.selenium.TimeoutException">
            <message>
              <![CDATA[Expected condition failed: waiting for Doublemateriality.checkmanualiroscore$$Lambda/0x000001eadf64d4d8@731bdcca (tried for 15 second(s) with 500 milliseconds interval)
Build info: version: '4.6.0', revision: '79f1c02ae20'
System info: os.name: 'Windows 11', os.arch: 'amd64', os.version: '10.0', java.version: '23.0.2'
Driver info: org.openqa.selenium.chrome.ChromeDriver
Capabilities {acceptInsecureCerts: false, browserName: chrome, browserVersion: 136.0.7103.114, chrome: {chromedriverVersion: 136.0.7103.94 (fa0be0b33deb..., userDataDir: C:\Users\47BILL~1\AppData\L...}, fedcm:accounts: true, goog:chromeOptions: {debuggerAddress: localhost:62566}, networkConnectionEnabled: false, pageLoadStrategy: normal, platformName: WINDOWS, proxy: Proxy(), se:cdp: ws://localhost:62566/devtoo..., se:cdpVersion: 136.0.7103.114, setWindowRect: true, strictFileInteractability: false, timeouts: {implicit: 0, pageLoad: 300000, script: 30000}, unhandledPromptBehavior: dismiss and notify, webauthn:extension:credBlob: true, webauthn:extension:largeBlob: true, webauthn:extension:minPinLength: true, webauthn:extension:prf: true, webauthn:virtualAuthenticators: true}
Session ID: 4c50cf92f5807abbac413be2785e4273]]>
            </message>
            <full-stacktrace>
              <![CDATA[org.openqa.selenium.TimeoutException: Expected condition failed: waiting for Doublemateriality.checkmanualiroscore$$Lambda/0x000001eadf64d4d8@731bdcca (tried for 15 second(s) with 500 milliseconds interval)
Build info: version: '4.6.0', revision: '79f1c02ae20'
System info: os.name: 'Windows 11', os.arch: 'amd64', os.version: '10.0', java.version: '23.0.2'
Driver info: org.openqa.selenium.chrome.ChromeDriver
Capabilities {acceptInsecureCerts: false, browserName: chrome, browserVersion: 136.0.7103.114, chrome: {chromedriverVersion: 136.0.7103.94 (fa0be0b33deb..., userDataDir: C:\Users\47BILL~1\AppData\L...}, fedcm:accounts: true, goog:chromeOptions: {debuggerAddress: localhost:62566}, networkConnectionEnabled: false, pageLoadStrategy: normal, platformName: WINDOWS, proxy: Proxy(), se:cdp: ws://localhost:62566/devtoo..., se:cdpVersion: 136.0.7103.114, setWindowRect: true, strictFileInteractability: false, timeouts: {implicit: 0, pageLoad: 300000, script: 30000}, unhandledPromptBehavior: dismiss and notify, webauthn:extension:credBlob: true, webauthn:extension:largeBlob: true, webauthn:extension:minPinLength: true, webauthn:extension:prf: true, webauthn:virtualAuthenticators: true}
Session ID: 4c50cf92f5807abbac413be2785e4273
at org.openqa.selenium.support.ui.WebDriverWait.timeoutException(WebDriverWait.java:87)
at org.openqa.selenium.support.ui.FluentWait.until(FluentWait.java:231)
at Doublemateriality.checkmanualiroscore.checkmanualscore(checkmanualiroscore.java:98)
at DoubleMateriality.Checkmanualscore.checkmaualscore(Checkmanualscore.java:35)
at java.base/jdk.internal.reflect.DirectMethodHandleAccessor.invoke(DirectMethodHandleAccessor.java:103)
at java.base/java.lang.reflect.Method.invoke(Method.java:580)
at org.testng.internal.invokers.MethodInvocationHelper.invokeMethod(MethodInvocationHelper.java:141)
at org.testng.internal.invokers.TestInvoker.invokeMethod(TestInvoker.java:687)
at org.testng.internal.invokers.TestInvoker.invokeTestMethod(TestInvoker.java:230)
at org.testng.internal.invokers.MethodRunner.runInSequence(MethodRunner.java:63)
at org.testng.internal.invokers.TestInvoker$MethodInvocationAgent.invoke(TestInvoker.java:995)
at org.testng.internal.invokers.TestInvoker.invokeTestMethods(TestInvoker.java:203)
at org.testng.internal.invokers.TestMethodWorker.invokeTestMethods(TestMethodWorker.java:154)
at org.testng.internal.invokers.TestMethodWorker.run(TestMethodWorker.java:134)
at java.base/java.util.ArrayList.forEach(ArrayList.java:1597)
at org.testng.TestRunner.privateRun(TestRunner.java:741)
at org.testng.TestRunner.run(TestRunner.java:616)
at org.testng.SuiteRunner.runTest(SuiteRunner.java:421)
at org.testng.SuiteRunner.runSequentially(SuiteRunner.java:413)
at org.testng.SuiteRunner.privateRun(SuiteRunner.java:373)
at org.testng.SuiteRunner.run(SuiteRunner.java:312)
at org.testng.SuiteRunnerWorker.runSuite(SuiteRunnerWorker.java:52)
at org.testng.SuiteRunnerWorker.run(SuiteRunnerWorker.java:95)
at org.testng.TestNG.runSuitesSequentially(TestNG.java:1274)
at org.testng.TestNG.runSuitesLocally(TestNG.java:1208)
at org.testng.TestNG.runSuites(TestNG.java:1112)
at org.testng.TestNG.run(TestNG.java:1079)
at org.testng.remote.AbstractRemoteTestNG.run(AbstractRemoteTestNG.java:115)
at org.testng.remote.RemoteTestNG.initAndRun(RemoteTestNG.java:293)
at org.testng.remote.RemoteTestNG.main(RemoteTestNG.java:91)
]]>
            </full-stacktrace>
          </exception> <!-- org.openqa.selenium.TimeoutException -->
          <reporter-output>
          </reporter-output>
        </test-method> <!-- checkmaualscore -->
        <test-method is-config="true" signature="tearDown()[pri:0, instance:DoubleMateriality.Checkmanualscore@e7edb54]" started-at="2025-05-19T16:21:00 IST" name="tearDown" finished-at="2025-05-19T16:21:00 IST" duration-ms="285" status="PASS">
          <reporter-output>
          </reporter-output>
        </test-method> <!-- tearDown -->
      </class> <!-- DoubleMateriality.Checkmanualscore -->
      <class name="DoubleMateriality.Fillandsubmitsurveryrequest">
        <test-method is-config="true" signature="getadmintoken()[pri:0, instance:DoubleMateriality.Fillandsubmitsurveryrequest@865dd6]" started-at="2025-05-19T16:16:14 IST" name="getadmintoken" finished-at="2025-05-19T16:16:14 IST" duration-ms="464" status="PASS">
          <reporter-output>
          </reporter-output>
        </test-method> <!-- getadmintoken -->
        <test-method signature="filldatarequest()[pri:1, instance:DoubleMateriality.Fillandsubmitsurveryrequest@865dd6]" started-at="2025-05-19T16:16:14 IST" name="filldatarequest" finished-at="2025-05-19T16:16:17 IST" duration-ms="2973" status="PASS">
          <reporter-output>
          </reporter-output>
        </test-method> <!-- filldatarequest -->
        <test-method signature="addentityspecificdisclousre()[pri:2, instance:DoubleMateriality.Fillandsubmitsurveryrequest@865dd6]" started-at="2025-05-19T16:16:17 IST" name="addentityspecificdisclousre" finished-at="2025-05-19T16:16:17 IST" duration-ms="299" status="PASS">
          <reporter-output>
          </reporter-output>
        </test-method> <!-- addentityspecificdisclousre -->
        <test-method signature="submitrequest()[pri:3, instance:DoubleMateriality.Fillandsubmitsurveryrequest@865dd6]" started-at="2025-05-19T16:16:17 IST" name="submitrequest" finished-at="2025-05-19T16:16:18 IST" duration-ms="956" status="PASS">
          <reporter-output>
          </reporter-output>
        </test-method> <!-- submitrequest -->
        <test-method signature="getcontributorid()[pri:4, instance:DoubleMateriality.Fillandsubmitsurveryrequest@865dd6]" started-at="2025-05-19T16:16:18 IST" name="getcontributorid" finished-at="2025-05-19T16:16:19 IST" duration-ms="443" status="PASS">
          <reporter-output>
          </reporter-output>
        </test-method> <!-- getcontributorid -->
      </class> <!-- DoubleMateriality.Fillandsubmitsurveryrequest -->
      <class name="DoubleMateriality.Finalreportscore">
        <test-method is-config="true" signature="chrome_setup()[pri:0, instance:DoubleMateriality.Finalreportscore@378542de]" started-at="2025-05-19T16:21:00 IST" name="chrome_setup" finished-at="2025-05-19T16:21:05 IST" duration-ms="4727" status="PASS">
          <reporter-output>
          </reporter-output>
        </test-method> <!-- chrome_setup -->
        <test-method is-config="true" signature="setupRuntimeFile()[pri:0, instance:DoubleMateriality.Finalreportscore@378542de]" started-at="2025-05-19T16:21:00 IST" name="setupRuntimeFile" finished-at="2025-05-19T16:21:00 IST" duration-ms="0" status="PASS">
          <reporter-output>
          </reporter-output>
        </test-method> <!-- setupRuntimeFile -->
        <test-method signature="checkfinalreportscore()[pri:1, instance:DoubleMateriality.Finalreportscore@378542de]" started-at="2025-05-19T16:21:05 IST" name="checkfinalreportscore" finished-at="2025-05-19T16:21:35 IST" duration-ms="30148" status="FAIL">
          <exception class="java.lang.AssertionError">
            <message>
              <![CDATA[Table data does not match expected values.: Lists differ at element [2]: [Energy, Yes, Non Material, Non Material] != [Energy, , Non Material, Non Material] expected [[Energy, Yes, Non Material, Non Material]] but found [[Energy, , Non Material, Non Material]]]]>
            </message>
            <full-stacktrace>
              <![CDATA[java.lang.AssertionError: Table data does not match expected values.: Lists differ at element [2]: [Energy, Yes, Non Material, Non Material] != [Energy, , Non Material, Non Material] expected [[Energy, Yes, Non Material, Non Material]] but found [[Energy, , Non Material, Non Material]]
at org.testng.Assert.fail(Assert.java:111)
at org.testng.Assert.failNotEquals(Assert.java:1590)
at org.testng.Assert.assertEqualsImpl(Assert.java:150)
at org.testng.Assert.assertEquals(Assert.java:1656)
at DoubleMateriality.Finalreportscore.checkfinalreportscore(Finalreportscore.java:82)
at java.base/jdk.internal.reflect.DirectMethodHandleAccessor.invoke(DirectMethodHandleAccessor.java:103)
at java.base/java.lang.reflect.Method.invoke(Method.java:580)
at org.testng.internal.invokers.MethodInvocationHelper.invokeMethod(MethodInvocationHelper.java:141)
at org.testng.internal.invokers.TestInvoker.invokeMethod(TestInvoker.java:687)
at org.testng.internal.invokers.TestInvoker.invokeTestMethod(TestInvoker.java:230)
at org.testng.internal.invokers.MethodRunner.runInSequence(MethodRunner.java:63)
at org.testng.internal.invokers.TestInvoker$MethodInvocationAgent.invoke(TestInvoker.java:995)
at org.testng.internal.invokers.TestInvoker.invokeTestMethods(TestInvoker.java:203)
at org.testng.internal.invokers.TestMethodWorker.invokeTestMethods(TestMethodWorker.java:154)
at org.testng.internal.invokers.TestMethodWorker.run(TestMethodWorker.java:134)
at java.base/java.util.ArrayList.forEach(ArrayList.java:1597)
at org.testng.TestRunner.privateRun(TestRunner.java:741)
at org.testng.TestRunner.run(TestRunner.java:616)
at org.testng.SuiteRunner.runTest(SuiteRunner.java:421)
at org.testng.SuiteRunner.runSequentially(SuiteRunner.java:413)
at org.testng.SuiteRunner.privateRun(SuiteRunner.java:373)
at org.testng.SuiteRunner.run(SuiteRunner.java:312)
at org.testng.SuiteRunnerWorker.runSuite(SuiteRunnerWorker.java:52)
at org.testng.SuiteRunnerWorker.run(SuiteRunnerWorker.java:95)
at org.testng.TestNG.runSuitesSequentially(TestNG.java:1274)
at org.testng.TestNG.runSuitesLocally(TestNG.java:1208)
at org.testng.TestNG.runSuites(TestNG.java:1112)
at org.testng.TestNG.run(TestNG.java:1079)
at org.testng.remote.AbstractRemoteTestNG.run(AbstractRemoteTestNG.java:115)
at org.testng.remote.RemoteTestNG.initAndRun(RemoteTestNG.java:293)
at org.testng.remote.RemoteTestNG.main(RemoteTestNG.java:91)
]]>
            </full-stacktrace>
          </exception> <!-- java.lang.AssertionError -->
          <reporter-output>
          </reporter-output>
        </test-method> <!-- checkfinalreportscore -->
        <test-method is-config="true" signature="tearDown()[pri:0, instance:DoubleMateriality.Finalreportscore@378542de]" started-at="2025-05-19T16:21:35 IST" name="tearDown" finished-at="2025-05-19T16:21:36 IST" duration-ms="241" status="PASS">
          <reporter-output>
          </reporter-output>
        </test-method> <!-- tearDown -->
        <test-method is-config="true" signature="chrome_setup()[pri:0, instance:DoubleMateriality.Finalreportscore@378542de]" started-at="2025-05-19T16:21:36 IST" name="chrome_setup" finished-at="2025-05-19T16:21:40 IST" duration-ms="4505" status="PASS">
          <reporter-output>
          </reporter-output>
        </test-method> <!-- chrome_setup -->
        <test-method signature="checkrankingview()[pri:2, instance:DoubleMateriality.Finalreportscore@378542de]" started-at="2025-05-19T16:21:40 IST" name="checkrankingview" finished-at="2025-05-19T16:23:13 IST" duration-ms="93358" status="PASS">
          <reporter-output>
          </reporter-output>
        </test-method> <!-- checkrankingview -->
        <test-method is-config="true" signature="tearDown()[pri:0, instance:DoubleMateriality.Finalreportscore@378542de]" started-at="2025-05-19T16:23:13 IST" name="tearDown" finished-at="2025-05-19T16:23:14 IST" duration-ms="242" status="PASS">
          <reporter-output>
          </reporter-output>
        </test-method> <!-- tearDown -->
      </class> <!-- DoubleMateriality.Finalreportscore -->
      <class name="DoubleMateriality.Registerstakeholder">
        <test-method is-config="true" signature="setupRuntimeFile()[pri:0, instance:DoubleMateriality.Registerstakeholder@1649b0e6]" started-at="2025-05-19T16:15:20 IST" name="setupRuntimeFile" finished-at="2025-05-19T16:15:20 IST" duration-ms="2" status="PASS">
          <reporter-output>
          </reporter-output>
        </test-method> <!-- setupRuntimeFile -->
        <test-method is-config="true" signature="chrome_setup()[pri:0, instance:DoubleMateriality.Registerstakeholder@1649b0e6]" started-at="2025-05-19T16:15:20 IST" name="chrome_setup" finished-at="2025-05-19T16:15:31 IST" duration-ms="11085" status="PASS">
          <reporter-output>
          </reporter-output>
        </test-method> <!-- chrome_setup -->
        <test-method signature="loginasstakeholder()[pri:0, instance:DoubleMateriality.Registerstakeholder@1649b0e6]" started-at="2025-05-19T16:15:31 IST" name="loginasstakeholder" finished-at="2025-05-19T16:16:13 IST" duration-ms="42146" status="PASS">
          <reporter-output>
          </reporter-output>
        </test-method> <!-- loginasstakeholder -->
        <test-method is-config="true" signature="tearDown()[pri:0, instance:DoubleMateriality.Registerstakeholder@1649b0e6]" started-at="2025-05-19T16:16:13 IST" name="tearDown" finished-at="2025-05-19T16:16:14 IST" duration-ms="499" status="PASS">
          <reporter-output>
          </reporter-output>
        </test-method> <!-- tearDown -->
      </class> <!-- DoubleMateriality.Registerstakeholder -->
      <class name="DoubleMateriality.Answercollabrequest">
        <test-method is-config="true" signature="setupRuntimeFile()[pri:0, instance:DoubleMateriality.Answercollabrequest@74455848]" started-at="2025-05-19T16:19:04 IST" name="setupRuntimeFile" finished-at="2025-05-19T16:19:04 IST" duration-ms="0" status="PASS">
          <reporter-output>
          </reporter-output>
        </test-method> <!-- setupRuntimeFile -->
        <test-method is-config="true" signature="chrome_setup()[pri:0, instance:DoubleMateriality.Answercollabrequest@74455848]" started-at="2025-05-19T16:19:04 IST" name="chrome_setup" finished-at="2025-05-19T16:19:08 IST" duration-ms="4406" status="PASS">
          <reporter-output>
          </reporter-output>
        </test-method> <!-- chrome_setup -->
        <test-method signature="answercollabrequest()[pri:0, instance:DoubleMateriality.Answercollabrequest@74455848]" started-at="2025-05-19T16:19:08 IST" name="answercollabrequest" finished-at="2025-05-19T16:19:33 IST" duration-ms="25101" status="PASS">
          <reporter-output>
          </reporter-output>
        </test-method> <!-- answercollabrequest -->
        <test-method is-config="true" signature="tearDown()[pri:0, instance:DoubleMateriality.Answercollabrequest@74455848]" started-at="2025-05-19T16:19:33 IST" name="tearDown" finished-at="2025-05-19T16:19:33 IST" duration-ms="239" status="PASS">
          <reporter-output>
          </reporter-output>
        </test-method> <!-- tearDown -->
      </class> <!-- DoubleMateriality.Answercollabrequest -->
      <class name="DoubleMateriality.Checksurveryresult">
        <test-method is-config="true" signature="setupRuntimeFile()[pri:0, instance:DoubleMateriality.Checksurveryresult@3972a855]" started-at="2025-05-19T16:16:20 IST" name="setupRuntimeFile" finished-at="2025-05-19T16:16:20 IST" duration-ms="1" status="PASS">
          <reporter-output>
          </reporter-output>
        </test-method> <!-- setupRuntimeFile -->
        <test-method is-config="true" signature="chrome_setup()[pri:0, instance:DoubleMateriality.Checksurveryresult@3972a855]" started-at="2025-05-19T16:16:20 IST" name="chrome_setup" finished-at="2025-05-19T16:16:25 IST" duration-ms="4610" status="PASS">
          <reporter-output>
          </reporter-output>
        </test-method> <!-- chrome_setup -->
        <test-method signature="checksureryresult()[pri:0, instance:DoubleMateriality.Checksurveryresult@3972a855]" started-at="2025-05-19T16:16:25 IST" name="checksureryresult" finished-at="2025-05-19T16:17:06 IST" duration-ms="40831" status="PASS">
          <reporter-output>
          </reporter-output>
        </test-method> <!-- checksureryresult -->
        <test-method is-config="true" signature="tearDown()[pri:0, instance:DoubleMateriality.Checksurveryresult@3972a855]" started-at="2025-05-19T16:17:06 IST" name="tearDown" finished-at="2025-05-19T16:17:06 IST" duration-ms="250" status="PASS">
          <reporter-output>
          </reporter-output>
        </test-method> <!-- tearDown -->
      </class> <!-- DoubleMateriality.Checksurveryresult -->
      <class name="DoubleMateriality.Startsurvery">
        <test-method is-config="true" signature="getadmintoken()[pri:0, instance:DoubleMateriality.Startsurvery@6a6afff2]" started-at="2025-05-19T16:15:19 IST" name="getadmintoken" finished-at="2025-05-19T16:15:19 IST" duration-ms="0" status="PASS">
          <reporter-output>
          </reporter-output>
        </test-method> <!-- getadmintoken -->
        <test-method signature="startsurvey()[pri:0, instance:DoubleMateriality.Startsurvery@6a6afff2]" started-at="2025-05-19T16:15:19 IST" name="startsurvey" finished-at="2025-05-19T16:15:20 IST" duration-ms="488" status="PASS">
          <reporter-output>
          </reporter-output>
        </test-method> <!-- startsurvey -->
      </class> <!-- DoubleMateriality.Startsurvery -->
      <class name="DoubleMateriality.Createstakeholder">
        <test-method is-config="true" signature="getadmintoken()[pri:0, instance:DoubleMateriality.Createstakeholder@29647f75]" started-at="2025-05-19T16:15:11 IST" name="getadmintoken" finished-at="2025-05-19T16:15:14 IST" duration-ms="2562" status="PASS">
          <reporter-output>
          </reporter-output>
        </test-method> <!-- getadmintoken -->
        <test-method signature="createstakeholdergroup()[pri:1, instance:DoubleMateriality.Createstakeholder@29647f75]" started-at="2025-05-19T16:15:14 IST" name="createstakeholdergroup" finished-at="2025-05-19T16:15:14 IST" duration-ms="473" status="PASS">
          <reporter-output>
          </reporter-output>
        </test-method> <!-- createstakeholdergroup -->
        <test-method signature="createstake()[pri:2, instance:DoubleMateriality.Createstakeholder@29647f75]" started-at="2025-05-19T16:15:14 IST" name="createstake" finished-at="2025-05-19T16:15:15 IST" duration-ms="1164" status="PASS">
          <reporter-output>
          </reporter-output>
        </test-method> <!-- createstake -->
        <test-method signature="getstakeid()[pri:3, instance:DoubleMateriality.Createstakeholder@29647f75]" started-at="2025-05-19T16:15:15 IST" name="getstakeid" finished-at="2025-05-19T16:15:16 IST" duration-ms="928" status="PASS">
          <reporter-output>
          </reporter-output>
        </test-method> <!-- getstakeid -->
      </class> <!-- DoubleMateriality.Createstakeholder -->
      <class name="DoubleMateriality.UploadandcheckIROscore">
        <test-method is-config="true" signature="setupRuntimeFile()[pri:0, instance:DoubleMateriality.UploadandcheckIROscore@2cd2a21f]" started-at="2025-05-19T16:17:06 IST" name="setupRuntimeFile" finished-at="2025-05-19T16:17:06 IST" duration-ms="1" status="PASS">
          <reporter-output>
          </reporter-output>
        </test-method> <!-- setupRuntimeFile -->
        <test-method is-config="true" signature="getadmintoken()[pri:0, instance:DoubleMateriality.UploadandcheckIROscore@2cd2a21f]" started-at="2025-05-19T16:17:06 IST" name="getadmintoken" finished-at="2025-05-19T16:17:06 IST" duration-ms="0" status="PASS">
          <reporter-output>
          </reporter-output>
        </test-method> <!-- getadmintoken -->
        <test-method is-config="true" signature="chrome_setup()[pri:0, instance:DoubleMateriality.UploadandcheckIROscore@2cd2a21f]" started-at="2025-05-19T16:17:06 IST" name="chrome_setup" finished-at="2025-05-19T16:17:10 IST" duration-ms="4463" status="PASS">
          <reporter-output>
          </reporter-output>
        </test-method> <!-- chrome_setup -->
        <test-method signature="uploadiro()[pri:1, instance:DoubleMateriality.UploadandcheckIROscore@2cd2a21f]" started-at="2025-05-19T16:17:10 IST" name="uploadiro" finished-at="2025-05-19T16:17:41 IST" duration-ms="30698" status="PASS">
          <reporter-output>
          </reporter-output>
        </test-method> <!-- uploadiro -->
        <test-method is-config="true" signature="tearDown()[pri:0, instance:DoubleMateriality.UploadandcheckIROscore@2cd2a21f]" started-at="2025-05-19T16:17:41 IST" name="tearDown" finished-at="2025-05-19T16:17:41 IST" duration-ms="245" status="PASS">
          <reporter-output>
          </reporter-output>
        </test-method> <!-- tearDown -->
        <test-method is-config="true" signature="chrome_setup()[pri:0, instance:DoubleMateriality.UploadandcheckIROscore@2cd2a21f]" started-at="2025-05-19T16:17:41 IST" name="chrome_setup" finished-at="2025-05-19T16:17:46 IST" duration-ms="4465" status="PASS">
          <reporter-output>
          </reporter-output>
        </test-method> <!-- chrome_setup -->
        <test-method signature="checkiroscore()[pri:2, instance:DoubleMateriality.UploadandcheckIROscore@2cd2a21f]" started-at="2025-05-19T16:17:46 IST" name="checkiroscore" finished-at="2025-05-19T16:18:12 IST" duration-ms="26567" status="PASS">
          <reporter-output>
          </reporter-output>
        </test-method> <!-- checkiroscore -->
        <test-method is-config="true" signature="tearDown()[pri:0, instance:DoubleMateriality.UploadandcheckIROscore@2cd2a21f]" started-at="2025-05-19T16:18:12 IST" name="tearDown" finished-at="2025-05-19T16:18:12 IST" duration-ms="248" status="PASS">
          <reporter-output>
          </reporter-output>
        </test-method> <!-- tearDown -->
        <test-method is-config="true" signature="chrome_setup()[pri:0, instance:DoubleMateriality.UploadandcheckIROscore@2cd2a21f]" started-at="2025-05-19T16:18:12 IST" name="chrome_setup" finished-at="2025-05-19T16:18:17 IST" duration-ms="4497" status="PASS">
          <reporter-output>
          </reporter-output>
        </test-method> <!-- chrome_setup -->
        <test-method signature="checkassedetails()[pri:3, instance:DoubleMateriality.UploadandcheckIROscore@2cd2a21f]" started-at="2025-05-19T16:18:17 IST" name="checkassedetails" finished-at="2025-05-19T16:18:58 IST" duration-ms="41004" status="PASS">
          <reporter-output>
          </reporter-output>
        </test-method> <!-- checkassedetails -->
        <test-method is-config="true" signature="tearDown()[pri:0, instance:DoubleMateriality.UploadandcheckIROscore@2cd2a21f]" started-at="2025-05-19T16:18:58 IST" name="tearDown" finished-at="2025-05-19T16:18:58 IST" duration-ms="242" status="PASS">
          <reporter-output>
          </reporter-output>
        </test-method> <!-- tearDown -->
      </class> <!-- DoubleMateriality.UploadandcheckIROscore -->
      <class name="DoubleMateriality.CreateDMreport">
        <test-method is-config="true" signature="getadmintoken()[pri:0, instance:DoubleMateriality.CreateDMreport@366647c2]" started-at="2025-05-19T16:15:16 IST" name="getadmintoken" finished-at="2025-05-19T16:15:16 IST" duration-ms="1" status="PASS">
          <reporter-output>
          </reporter-output>
        </test-method> <!-- getadmintoken -->
        <test-method signature="createreport()[pri:1, instance:DoubleMateriality.CreateDMreport@366647c2]" started-at="2025-05-19T16:15:16 IST" name="createreport" finished-at="2025-05-19T16:15:17 IST" duration-ms="786" status="PASS">
          <reporter-output>
          </reporter-output>
        </test-method> <!-- createreport -->
        <test-method signature="markTopicNonmaterial()[pri:2, instance:DoubleMateriality.CreateDMreport@366647c2]" started-at="2025-05-19T16:15:17 IST" name="markTopicNonmaterial" finished-at="2025-05-19T16:15:19 IST" duration-ms="2166" status="PASS">
          <reporter-output>
          </reporter-output>
        </test-method> <!-- markTopicNonmaterial -->
        <test-method signature="checkresponseaftermarkingasnonmaterial()[pri:3, instance:DoubleMateriality.CreateDMreport@366647c2]" started-at="2025-05-19T16:15:19 IST" name="checkresponseaftermarkingasnonmaterial" finished-at="2025-05-19T16:15:19 IST" duration-ms="396" status="PASS">
          <reporter-output>
          </reporter-output>
        </test-method> <!-- checkresponseaftermarkingasnonmaterial -->
      </class> <!-- DoubleMateriality.CreateDMreport -->
    </test> <!-- Test -->
  </suite> <!-- Suite -->
</testng-results>
